C51 COMPILER V9.01   DISPLAY                                                               11/25/2015 22:36:36 PAGE 1   


C51 COMPILER V9.01, COMPILATION OF MODULE DISPLAY
OBJECT MODULE PLACED IN display.obj
COMPILER INVOKED BY: d:\Keil\C51\BIN\C51.EXE 按键中断vs\display.c BROWSE DEBUG OBJECTEXTEND PRINT(.\display.lst) OBJECT(
                    -display.obj)

line level    source

   1          #include "display.h"
   2          #include "key.h"
   3          #include "debug.h"
   4          #include "delay.h"
   5          
   6          #if DISPLAY 
   7          
   8          unsigned char num = 1;
   9          unsigned char code duanma[9] = { 0X00, 0X01, 0X03, 0X07, 0X0F, 0X01F, 0X03F, 0X07F, 0X0FF };// 显示段码值0
             -~9
  10          
  11          void display(unsigned char LED_H, unsigned char LED_L)
  12          {
  13   1              P2 = 0X00;
  14   1              P1 = 0x7F;
  15   1              P2 = duanma[LED_H];
  16   1      
  17   1              DelayMs(10);
  18   1      
  19   1              P2 = 0X00;
  20   1              P1 = 0XBF;
  21   1              P2 = duanma[LED_L];
  22   1      
  23   1              DelayMs(10);
  24   1      }
  25          #endif


MODULE INFORMATION:   STATIC OVERLAYABLE
   CODE SIZE        =     39    ----
   CONSTANT SIZE    =      9    ----
   XDATA SIZE       =   ----    ----
   PDATA SIZE       =   ----    ----
   DATA SIZE        =      1       1
   IDATA SIZE       =   ----    ----
   BIT SIZE         =   ----    ----
END OF MODULE INFORMATION.


C51 COMPILATION COMPLETE.  0 WARNING(S),  0 ERROR(S)
