C51 COMPILER V9.01   KEY                                                                   11/25/2015 22:36:36 PAGE 1   


C51 COMPILER V9.01, COMPILATION OF MODULE KEY
OBJECT MODULE PLACED IN key.obj
COMPILER INVOKED BY: d:\Keil\C51\BIN\C51.EXE 按键中断vs\key.c BROWSE DEBUG OBJECTEXTEND PRINT(.\key.lst) OBJECT(key.obj)

line level    source

   1          #include "debug.h"
   2          #include "key.h"
   3          
   4          #if  KEY
   5          unsigned char H, L;
   6          unsigned char Trg = 0;
   7          unsigned char Cont = 0;
   8          unsigned int  cnt_plus;
   9          unsigned char key_up;
  10          unsigned char key_down;
  11          unsigned char key_up_2;
  12          unsigned char key_down_2;
  13          bit key_up_cnt = 0;
  14          bit key_down_cnt = 0;
  15          bit key_up_2_cnt = 0;
  16          bit key_down_2_cnt = 0;
  17          
  18          void Key(void)
  19          {
  20   1              
  21   1      
  22   1              if (key_up == 3)  // 如果按下的是key_up
  23   1              {
  24   2                      L++;
  25   2                      key_up = 0;
  26   2                      if (L>8)
  27   2                      {
  28   3                              if (H == 8)
  29   3                              {
  30   4                                      H = 0;
  31   4                                      L = 0;
  32   4                              }
  33   3                              else
  34   3                              {
  35   4                                      H++;
  36   4                                      L = 0;
  37   4                              }
  38   3      
  39   3                      }                       
  40   2              }
  41   1              if (key_down==3)  // 如果按下的是key_down
  42   1              {
  43   2                      key_down = 0;
  44   2                              if (L == 0)
  45   2                              {
  46   3                                      if (H == 0)
  47   3                                      {
  48   4                                              H = 8;
  49   4                                              L = 8;
  50   4                                      }
  51   3                                      else
  52   3                                      {
  53   4                                              L = 8;
  54   4                                              H--;
  55   4                                      }
C51 COMPILER V9.01   KEY                                                                   11/25/2015 22:36:36 PAGE 2   

  56   3                              }
  57   2                              else
  58   2                              {
  59   3                                      L--;
  60   3                              }
  61   2              }
  62   1              if (key_up_2==3)  // 如果按下的是key_up_2
  63   1              {
  64   2                      key_up_2 = 0;
  65   2                              if (H == 8)
  66   2                              {
  67   3                                      H = 0;
  68   3                              }
  69   2                              else
  70   2                              {
  71   3                                      H++;
  72   3                              }
  73   2              }
  74   1              if (key_down_2==3)  // 如果按下的是key_down_2
  75   1              {
  76   2                      key_down_2 = 0;
  77   2                              if (H == 0)
  78   2                              {
  79   3                                      H = 8;
  80   3                                      //L = 8;
  81   3                              }
  82   2                              else
  83   2                              {
  84   3                                      H--;
  85   3                              }                       
  86   2              }
  87   1              if (key_up_cnt)  // 如果按下的是key_up
  88   1              {
  89   2                      key_up_cnt = 0;
  90   2                      L++;
  91   2                      key_up = 0;
  92   2                      if (L>8)
  93   2                      {
  94   3                              if (H == 8)
  95   3                              {
  96   4                                      H = 0;
  97   4                                      L = 0;
  98   4                              }
  99   3                              else
 100   3                              {
 101   4                                      H++;
 102   4                                      L = 0;
 103   4                              }
 104   3      
 105   3                      }
 106   2              }
 107   1              if (key_up_2_cnt)  // 如果按下的是key_up
 108   1              {
 109   2                      key_up_2_cnt = 0;
 110   2                      key_up_2 = 0;
 111   2                      if (H == 8)
 112   2                      {
 113   3                              H = 0;
 114   3                      }
 115   2                      else
 116   2                      {
 117   3                              H++;
C51 COMPILER V9.01   KEY                                                                   11/25/2015 22:36:36 PAGE 3   

 118   3                      }
 119   2              }
 120   1              if (key_down_cnt)  // 如果按下的是key_up
 121   1              {
 122   2                      key_down_cnt = 0;
 123   2                      key_down = 0;
 124   2                      if (L == 0)
 125   2                      {
 126   3                              if (H == 0)
 127   3                              {
 128   4                                      H = 8;
 129   4                                      L = 8;
 130   4                              }
 131   3                              else
 132   3                              {
 133   4                                      L = 8;
 134   4                                      H--;
 135   4                              }
 136   3                      }
 137   2                      else
 138   2                      {
 139   3                              L--;
 140   3                      }
 141   2              }
 142   1              if (key_down_2_cnt)  // 如果按下的是key_up
 143   1              {
 144   2                      key_down_2_cnt = 0;
 145   2                      key_down_2 = 0;
 146   2                      if (H == 0)
 147   2                      {
 148   3                              H = 8;
 149   3                      //      L = 8;
 150   3                      }
 151   2                      else
 152   2                      {
 153   3                              H--;
 154   3                      }
 155   2              }
 156   1      }
 157          
 158          void KeyRead(void)
 159          
 160          {
 161   1      
 162   1              unsigned char ReadData = P3^ 0xff;     // 1 
 163   1      
 164   1              Trg = ReadData & (ReadData ^ Cont);    // 2 
 165   1      
 166   1              Cont = ReadData;                        // 3
 167   1      
 168   1                      switch (Trg)
 169   1                      {
 170   2                      case 0X80:
 171   2                              key_up++;
 172   2                              if (key_up < 3)
 173   2                              {
 174   3                                      Cont = 0x00;
 175   3                              }
 176   2                              break;
 177   2                      case 0X40:
 178   2                              key_down++;
 179   2                              if (key_down < 3)
C51 COMPILER V9.01   KEY                                                                   11/25/2015 22:36:36 PAGE 4   

 180   2                              {
 181   3                                      Cont = 0x00;
 182   3                              }
 183   2                              break;
 184   2                      case 0X20:
 185   2                              key_up_2++;
 186   2                              if (key_up_2 < 3)
 187   2                              {
 188   3                                      Cont = 0x00;
 189   3                              }
 190   2                              break;
 191   2                      case 0X08:
 192   2                              key_down_2++;
 193   2                              if (key_down_2 < 3)
 194   2                              {
 195   3                                      Cont = 0x00;
 196   3                              }
 197   2                              break;
 198   2                      default:
 199   2                              break;
 200   2                      }
 201   1                      switch (Cont)
 202   1                      {
 203   2                      case 0x80:
 204   2                              cnt_plus++;
 205   2                              if (cnt_plus>300)
 206   2                              {
 207   3                                      if (cnt_plus % 20 == 0)
 208   3                                      {
 209   4                                              key_up_cnt = 1;
 210   4                                      }
 211   3                              }
 212   2                              break;
 213   2                      case 0x40:
 214   2                              cnt_plus++;
 215   2                              if (cnt_plus>300)
 216   2                              {
 217   3                                      if (cnt_plus % 20 == 0)
 218   3                                      {
 219   4                                              key_down_cnt = 1;
 220   4                                      }
 221   3                              }
 222   2                              break;
 223   2                      case 0x20:
 224   2                              cnt_plus++;
 225   2                              if (cnt_plus>300)
 226   2                              {
 227   3                                      if (cnt_plus % 20 == 0)
 228   3                                      {
 229   4                                              key_up_2_cnt = 1;
 230   4                                      }
 231   3                              }
 232   2                              break;
 233   2                      case 0x08:
 234   2                              cnt_plus++;
 235   2                              if (cnt_plus>300)
 236   2                              {
 237   3                                      if (cnt_plus % 20 == 0)
 238   3                                      {
 239   4                                              key_down_2_cnt = 1;
 240   4                                      }
 241   3                              }
C51 COMPILER V9.01   KEY                                                                   11/25/2015 22:36:36 PAGE 5   

 242   2                              break;
 243   2                      default:
 244   2                              cnt_plus = 0;
 245   2                              break;
 246   2                      }
 247   1              //      return key_up;
 248   1      }
 249          
 250          #endif


MODULE INFORMATION:   STATIC OVERLAYABLE
   CODE SIZE        =    454    ----
   CONSTANT SIZE    =   ----    ----
   XDATA SIZE       =   ----    ----
   PDATA SIZE       =   ----    ----
   DATA SIZE        =     10    ----
   IDATA SIZE       =   ----    ----
   BIT SIZE         =      4    ----
END OF MODULE INFORMATION.


C51 COMPILATION COMPLETE.  0 WARNING(S),  0 ERROR(S)
