C51 COMPILER V9.01   TIMER_0                                                               11/25/2015 22:36:37 PAGE 1   


C51 COMPILER V9.01, COMPILATION OF MODULE TIMER_0
OBJECT MODULE PLACED IN timer_0.obj
COMPILER INVOKED BY: d:\Keil\C51\BIN\C51.EXE 按键中断vs\timer_0.c BROWSE DEBUG OBJECTEXTEND PRINT(.\timer_0.lst) OBJECT(
                    -timer_0.obj)

line level    source

   1          /*---------------------------------------------------------------------*/
   2          /* --- STC MCU Limited ------------------------------------------------*/
   3          /* --- STC15F4K60S4 系列 定时器0的16位自动重装载模式举例---------------*/
   4          /* --- Mobile: (86)13922805190 -------------- -------------------------*/
   5          /* --- Fax: 86-0513-55012956,55012947,55012969 ------------------------*/
   6          /* --- Tel: 86-0513-55012928,55012929,55012966-------------------------*/
   7          /* --- Web: www.STCMCU.com --------------------------------------------*/
   8          /* --- Web: www.GXWMCU.com --------------------------------------------*/
   9          /* 如果要在程序中使用此代码,请在程序中注明使用了STC的资料及程序        */
  10          /* 如果要在文章中应用此代码,请在文章中注明使用了STC的资料及程序        */
  11          /*---------------------------------------------------------------------*/
  12          
  13          //本示例在Keil开发环境下请选择Intel的8058芯片型号进行编译
  14          //若无特别说明,工作频率一般为11.0592MHz
  15          
  16          
  17          #include "timer_0.h"
  18          #include "debug.h"
  19          #include "key.h"
  20          
  21          #if TIMER_0
  22          
  23          /* Timer0 interrupt routine */
  24          void tm0_isr() interrupt 1 using 1
  25          {
  26   1      #if KEY
  27   1              KeyRead();
  28   1      #endif
  29   1      }
  30          
  31          //-----------------------------------------------
  32          
  33          /* main program */
  34          void timer_0_init()
  35          {
  36   1      //  AUXR |= 0x80;                   //定时器0为1T模式
  37   1              AUXR &= 0x7f;                   //定时器0为12T模式
  38   1      
  39   1          TMOD = 0x00;                    //设置定时器为模式0(16位自动重装载)
  40   1          TL0 = T1MS;                     //初始化计时值
  41   1          TH0 = T1MS >> 8;
  42   1          TR0 = 1;                        //定时器0开始计时
  43   1          ET0 = 1;                        //使能定时器0中断
  44   1          EA = 1;
  45   1      }
  46          
  47          #endif


MODULE INFORMATION:   STATIC OVERLAYABLE
   CODE SIZE        =     46    ----
   CONSTANT SIZE    =   ----    ----
   XDATA SIZE       =   ----    ----
   PDATA SIZE       =   ----    ----
C51 COMPILER V9.01   TIMER_0                                                               11/25/2015 22:36:37 PAGE 2   

   DATA SIZE        =   ----    ----
   IDATA SIZE       =   ----    ----
   BIT SIZE         =   ----    ----
END OF MODULE INFORMATION.


C51 COMPILATION COMPLETE.  0 WARNING(S),  0 ERROR(S)
